2026-03-20 21:25:44,570 | INFO     | ======================================================================
2026-03-20 21:25:44,570 | INFO     | OMEGA Harmonic Engine V3 | GBPUSD H1
2026-03-20 21:25:44,571 | INFO     | harm_fast=34 | harm_slow=134 | margin=150.0
2026-03-20 21:25:44,571 | INFO     | ======================================================================
2026-03-20 21:25:44,593 | INFO     | SHA3-256 linha:  acdd5d26922c82215f79da496966721350b6783c4a83c8901f8230324bdc4f8e
2026-03-20 21:25:44,593 | INFO     | SHA3-256 candle: e76e246a711bda4a61737a4152f3a94909442325adc40ed184944f9455596873
2026-03-20 21:25:44,706 | INFO     | [LINHA] Carregado e validado: 50000 linhas.
2026-03-20 21:25:44,827 | INFO     | [CANDLE] Carregado e validado: 50000 linhas.
2026-03-20 21:25:44,838 | INFO     | Merge concluído: 50000 linhas úteis.
2026-03-20 21:25:52,971 | INFO     | Eventos detectados: 40676
2026-03-20 21:25:55,422 | INFO     | CSV salvo: harmonic_events_GBPUSD_H1.csv
2026-03-20 21:25:55,424 | INFO     | ----------------------------------------------------------------------
2026-03-20 21:25:55,424 | INFO     | EMA-34  | Toques:  20338 | HIT:  20338 | BREAK:      0 | Hit Rate: 100.00%
2026-03-20 21:25:55,424 | INFO     | EMA-134 | Toques:  20338 | HIT:  20338 | BREAK:      0 | Hit Rate: 100.00%
2026-03-20 21:25:55,424 | INFO     | Output JSON checksum (SHA3-256): f66fb67ecb041ca442e3275892c00963b4cf103def9f17bf1ea8d96e467a3fc5
2026-03-20 21:25:55,424 | INFO     | STATUS: COMPLETED
2026-03-20 21:25:55,424 | INFO     | ======================================================================
2026-03-20 21:52:11,097 | INFO     | ======================================================================
2026-03-20 21:52:11,101 | INFO     | OMEGA Harmonic Engine V3 | GBPUSD H1
2026-03-20 21:52:11,101 | INFO     | harm_fast=34 | harm_slow=134 | margin=150.0
2026-03-20 21:52:11,101 | INFO     | ======================================================================
2026-03-20 21:52:11,121 | INFO     | SHA3-256 linha:  acdd5d26922c82215f79da496966721350b6783c4a83c8901f8230324bdc4f8e
2026-03-20 21:52:11,121 | INFO     | SHA3-256 candle: e76e246a711bda4a61737a4152f3a94909442325adc40ed184944f9455596873
2026-03-20 21:52:11,179 | INFO     | [LINHA] Carregado e validado: 50000 linhas.
2026-03-20 21:52:11,246 | INFO     | [CANDLE] Carregado e validado: 50000 linhas.
2026-03-20 21:52:11,252 | INFO     | Merge concluído: 50000 linhas úteis.
2026-03-20 21:52:17,581 | INFO     | Eventos detectados: 40676
2026-03-20 21:52:19,442 | INFO     | CSV salvo: harmonic_events_GBPUSD_H1.csv
2026-03-20 21:52:19,443 | INFO     | ----------------------------------------------------------------------
2026-03-20 21:52:19,444 | INFO     | EMA-34  | Toques:  20338 | HIT:  20338 | BREAK:      0 | Hit Rate: 100.00%
2026-03-20 21:52:19,444 | INFO     | EMA-134 | Toques:  20338 | HIT:  20338 | BREAK:      0 | Hit Rate: 100.00%
2026-03-20 21:52:19,444 | INFO     | Output JSON checksum (SHA3-256): 178ba9391978fbeb7ca2e062461a7981e252eacbd55800edce7ca008a96eff22
2026-03-20 21:52:19,444 | INFO     | STATUS: COMPLETED
2026-03-20 21:52:19,444 | INFO     | ======================================================================
2026-03-20 21:52:50,695 | INFO     | ======================================================================
2026-03-20 21:52:50,695 | INFO     | OMEGA Harmonic Engine V3 | GBPUSD H1
2026-03-20 21:52:50,695 | INFO     | harm_fast=34 | harm_slow=134 | margin=150.0
2026-03-20 21:52:50,695 | INFO     | ======================================================================
2026-03-20 21:52:50,709 | INFO     | SHA3-256 linha:  acdd5d26922c82215f79da496966721350b6783c4a83c8901f8230324bdc4f8e
2026-03-20 21:52:50,709 | INFO     | SHA3-256 candle: e76e246a711bda4a61737a4152f3a94909442325adc40ed184944f9455596873
2026-03-20 21:52:50,760 | INFO     | [LINHA] Carregado e validado: 50000 linhas.
2026-03-20 21:52:50,863 | INFO     | [CANDLE] Carregado e validado: 50000 linhas.
2026-03-20 21:52:50,870 | INFO     | Merge concluído: 50000 linhas úteis.
2026-03-20 21:52:57,599 | INFO     | Eventos detectados: 40676
2026-03-20 21:52:59,539 | INFO     | CSV salvo: harmonic_events_GBPUSD_H1.csv
2026-03-20 21:52:59,542 | INFO     | ----------------------------------------------------------------------
2026-03-20 21:52:59,542 | INFO     | EMA-34  | Toques:  20338 | HIT:  20338 | BREAK:      0 | Hit Rate: 100.00%
2026-03-20 21:52:59,542 | INFO     | EMA-134 | Toques:  20338 | HIT:  20338 | BREAK:      0 | Hit Rate: 100.00%
2026-03-20 21:52:59,542 | INFO     | Output JSON checksum (SHA3-256): bf314d4b71e21d70160422e095258bf4beb45eb7316e5fd54e2c0f3dc9c47a8f
2026-03-20 21:52:59,542 | INFO     | STATUS: COMPLETED
2026-03-20 21:52:59,542 | INFO     | ======================================================================
2026-03-20 21:53:59,883 | INFO     | ======================================================================
2026-03-20 21:53:59,883 | INFO     | OMEGA Harmonic Engine V3 | GBPUSD H1
2026-03-20 21:53:59,883 | INFO     | harm_fast=34 | harm_slow=134 | margin=150.0
2026-03-20 21:53:59,883 | INFO     | ======================================================================
2026-03-20 21:53:59,897 | INFO     | SHA3-256 linha:  acdd5d26922c82215f79da496966721350b6783c4a83c8901f8230324bdc4f8e
2026-03-20 21:53:59,898 | INFO     | SHA3-256 candle: e76e246a711bda4a61737a4152f3a94909442325adc40ed184944f9455596873
2026-03-20 21:53:59,954 | INFO     | [LINHA] Carregado e validado: 50000 linhas.
2026-03-20 21:54:00,029 | INFO     | [CANDLE] Carregado e validado: 50000 linhas.
2026-03-20 21:54:00,033 | INFO     | Merge concluído: 50000 linhas úteis.
2026-03-20 21:54:06,255 | INFO     | Eventos detectados: 40676
2026-03-20 21:54:08,306 | INFO     | CSV salvo: harmonic_events_GBPUSD_H1.csv
2026-03-20 21:54:08,307 | INFO     | ----------------------------------------------------------------------
2026-03-20 21:54:08,307 | INFO     | EMA-34  | Toques:  20338 | HIT:  20338 | BREAK:      0 | Hit Rate: 100.00%
2026-03-20 21:54:08,307 | INFO     | EMA-134 | Toques:  20338 | HIT:  20338 | BREAK:      0 | Hit Rate: 100.00%
2026-03-20 21:54:08,307 | INFO     | Output JSON checksum (SHA3-256): 788d89c07772c776656504bc92faf54d69bc887ef5228c76783af517b8fdac7d
2026-03-20 21:54:08,307 | INFO     | STATUS: COMPLETED
2026-03-20 21:54:08,307 | INFO     | ======================================================================
2026-03-20 22:09:02,967 | INFO     | ======================================================================
2026-03-20 22:09:02,967 | INFO     | OMEGA Harmonic Engine V3 | GBPUSD H1
2026-03-20 22:09:02,967 | INFO     | harm_fast=34 | harm_slow=134 | margin=150.0
2026-03-20 22:09:02,967 | INFO     | ======================================================================
2026-03-20 22:09:02,979 | INFO     | SHA3-256 linha:  acdd5d26922c82215f79da496966721350b6783c4a83c8901f8230324bdc4f8e
2026-03-20 22:09:02,980 | INFO     | SHA3-256 candle: e76e246a711bda4a61737a4152f3a94909442325adc40ed184944f9455596873
2026-03-20 22:09:03,035 | INFO     | [LINHA] Carregado e validado: 50000 linhas.
2026-03-20 22:09:03,129 | INFO     | [CANDLE] Carregado e validado: 50000 linhas.
2026-03-20 22:09:03,136 | INFO     | Merge concluído: 50000 linhas úteis.
2026-03-20 22:09:09,021 | INFO     | Eventos detectados: 40676
2026-03-20 22:09:10,749 | INFO     | CSV salvo: harmonic_events_GBPUSD_H1.csv
2026-03-20 22:09:10,750 | INFO     | ----------------------------------------------------------------------
2026-03-20 22:09:10,750 | INFO     | EMA-34  | Toques:  20338 | HIT:  20338 | BREAK:      0 | Hit Rate: 100.00%
2026-03-20 22:09:10,751 | INFO     | EMA-134 | Toques:  20338 | HIT:  20338 | BREAK:      0 | Hit Rate: 100.00%
2026-03-20 22:09:10,751 | INFO     | Output JSON checksum (SHA3-256): 278bbdde245b24da8537c11919799c712018b4da0014d77b4f8b734969dd142e
2026-03-20 22:09:10,751 | INFO     | STATUS: COMPLETED
2026-03-20 22:09:10,751 | INFO     | ======================================================================
2026-03-20 22:12:57,462 | INFO     | ======================================================================
2026-03-20 22:12:57,462 | INFO     | OMEGA Harmonic Engine V3 | GBPUSD H1
2026-03-20 22:12:57,462 | INFO     | harm_fast=34 | harm_slow=134 | margin=150.0
2026-03-20 22:12:57,462 | INFO     | ======================================================================
2026-03-20 22:12:57,474 | INFO     | SHA3-256 linha:  acdd5d26922c82215f79da496966721350b6783c4a83c8901f8230324bdc4f8e
2026-03-20 22:12:57,474 | INFO     | SHA3-256 candle: e76e246a711bda4a61737a4152f3a94909442325adc40ed184944f9455596873
2026-03-20 22:12:57,521 | INFO     | [LINHA] Carregado e validado: 50000 linhas.
2026-03-20 22:12:57,585 | INFO     | [CANDLE] Carregado e validado: 50000 linhas.
2026-03-20 22:12:57,591 | INFO     | Merge concluído: 50000 linhas úteis.
2026-03-20 22:13:03,694 | INFO     | Eventos detectados: 40676
2026-03-20 22:13:05,727 | INFO     | CSV salvo: harmonic_events_GBPUSD_H1.csv
2026-03-20 22:13:05,729 | INFO     | ----------------------------------------------------------------------
2026-03-20 22:13:05,729 | INFO     | EMA-34  | Toques:  20338 | HIT:  20338 | BREAK:      0 | Hit Rate: 100.00%
2026-03-20 22:13:05,729 | INFO     | EMA-134 | Toques:  20338 | HIT:  20338 | BREAK:      0 | Hit Rate: 100.00%
2026-03-20 22:13:05,729 | INFO     | Output JSON checksum (SHA3-256): f4f9b639fb17bdbec11079aa52744e9d976c8e38a5bb4df0ed24fe5ab7ef399b
2026-03-20 22:13:05,729 | INFO     | STATUS: COMPLETED
2026-03-20 22:13:05,729 | INFO     | ======================================================================
